{"C:\\Users\\Bruno\\Desktop\\Program\\Rocketseat\\GoStack\\Semana5\\gostack-gorbarber-mobile\\src\\components\\Button\\index.tsx": {"path":"C:\\Users\\Bruno\\Desktop\\Program\\Rocketseat\\GoStack\\Semana5\\gostack-gorbarber-mobile\\src\\components\\Button\\index.tsx","statementMap":{"0":{"start":{"line":10,"column":38},"end":{"line":14,"column":1}},"1":{"start":{"line":11,"column":2},"end":{"line":13,"column":14}}},"fnMap":{"0":{"name":"(anonymous_0)","decl":{"start":{"line":10,"column":38},"end":{"line":10,"column":39}},"loc":{"start":{"line":11,"column":2},"end":{"line":13,"column":14}},"line":11}},"branchMap":{},"s":{"0":1,"1":1},"f":{"0":1},"b":{},"_coverageSchema":"43e27e138ebf9cfc5966b082cf9a028302ed4184","hash":"af60fa9eff53716fd30c023b05f4712a6a5dcece"}
,"C:\\Users\\Bruno\\Desktop\\Program\\Rocketseat\\GoStack\\Semana5\\gostack-gorbarber-mobile\\src\\components\\Input\\index.tsx": {"path":"C:\\Users\\Bruno\\Desktop\\Program\\Rocketseat\\GoStack\\Semana5\\gostack-gorbarber-mobile\\src\\components\\Input\\index.tsx","statementMap":{"0":{"start":{"line":21,"column":66},"end":{"line":87,"column":1}},"1":{"start":{"line":25,"column":26},"end":{"line":25,"column":43}},"2":{"start":{"line":27,"column":65},"end":{"line":27,"column":79}},"3":{"start":{"line":28,"column":24},"end":{"line":28,"column":76}},"4":{"start":{"line":30,"column":36},"end":{"line":30,"column":51}},"5":{"start":{"line":31,"column":34},"end":{"line":31,"column":49}},"6":{"start":{"line":33,"column":27},"end":{"line":35,"column":8}},"7":{"start":{"line":34,"column":4},"end":{"line":34,"column":23}},"8":{"start":{"line":37,"column":26},"end":{"line":41,"column":8}},"9":{"start":{"line":38,"column":4},"end":{"line":38,"column":24}},"10":{"start":{"line":40,"column":4},"end":{"line":40,"column":73}},"11":{"start":{"line":43,"column":2},"end":{"line":47,"column":5}},"12":{"start":{"line":43,"column":34},"end":{"line":47,"column":3}},"13":{"start":{"line":45,"column":6},"end":{"line":45,"column":38}},"14":{"start":{"line":49,"column":2},"end":{"line":63,"column":32}},"15":{"start":{"line":50,"column":4},"end":{"line":62,"column":6}},"16":{"start":{"line":55,"column":8},"end":{"line":55,"column":43}},"17":{"start":{"line":56,"column":8},"end":{"line":56,"column":64}},"18":{"start":{"line":59,"column":8},"end":{"line":59,"column":40}},"19":{"start":{"line":60,"column":8},"end":{"line":60,"column":40}},"20":{"start":{"line":65,"column":2},"end":{"line":86,"column":4}},"21":{"start":{"line":81,"column":8},"end":{"line":81,"column":44}}},"fnMap":{"0":{"name":"(anonymous_0)","decl":{"start":{"line":21,"column":66},"end":{"line":21,"column":67}},"loc":{"start":{"line":24,"column":5},"end":{"line":87,"column":1}},"line":24},"1":{"name":"(anonymous_1)","decl":{"start":{"line":33,"column":39},"end":{"line":33,"column":40}},"loc":{"start":{"line":33,"column":45},"end":{"line":35,"column":3}},"line":33},"2":{"name":"(anonymous_2)","decl":{"start":{"line":37,"column":38},"end":{"line":37,"column":39}},"loc":{"start":{"line":37,"column":44},"end":{"line":41,"column":3}},"line":37},"3":{"name":"(anonymous_3)","decl":{"start":{"line":43,"column":27},"end":{"line":43,"column":28}},"loc":{"start":{"line":43,"column":34},"end":{"line":47,"column":3}},"line":43},"4":{"name":"(anonymous_4)","decl":{"start":{"line":44,"column":4},"end":{"line":44,"column":5}},"loc":{"start":{"line":44,"column":12},"end":{"line":46,"column":5}},"line":44},"5":{"name":"(anonymous_5)","decl":{"start":{"line":49,"column":12},"end":{"line":49,"column":13}},"loc":{"start":{"line":49,"column":18},"end":{"line":63,"column":3}},"line":49},"6":{"name":"(anonymous_6)","decl":{"start":{"line":54,"column":6},"end":{"line":54,"column":7}},"loc":{"start":{"line":54,"column":31},"end":{"line":57,"column":7}},"line":54},"7":{"name":"(anonymous_7)","decl":{"start":{"line":58,"column":6},"end":{"line":58,"column":7}},"loc":{"start":{"line":58,"column":19},"end":{"line":61,"column":7}},"line":58},"8":{"name":"(anonymous_8)","decl":{"start":{"line":80,"column":20},"end":{"line":80,"column":21}},"loc":{"start":{"line":80,"column":29},"end":{"line":82,"column":7}},"line":80}},"branchMap":{"0":{"loc":{"start":{"line":22,"column":16},"end":{"line":22,"column":35}},"type":"default-arg","locations":[{"start":{"line":22,"column":33},"end":{"line":22,"column":35}}],"line":22},"1":{"loc":{"start":{"line":27,"column":25},"end":{"line":27,"column":42}},"type":"default-arg","locations":[{"start":{"line":27,"column":40},"end":{"line":27,"column":42}}],"line":27},"2":{"loc":{"start":{"line":40,"column":4},"end":{"line":40,"column":72}},"type":"cond-expr","locations":[{"start":{"line":40,"column":34},"end":{"line":40,"column":51}},{"start":{"line":40,"column":54},"end":{"line":40,"column":72}}],"line":40},"3":{"loc":{"start":{"line":70,"column":13},"end":{"line":70,"column":58}},"type":"cond-expr","locations":[{"start":{"line":70,"column":37},"end":{"line":70,"column":46}},{"start":{"line":70,"column":49},"end":{"line":70,"column":58}}],"line":70},"4":{"loc":{"start":{"line":70,"column":13},"end":{"line":70,"column":34}},"type":"binary-expr","locations":[{"start":{"line":70,"column":13},"end":{"line":70,"column":22}},{"start":{"line":70,"column":26},"end":{"line":70,"column":34}}],"line":70}},"s":{"0":1,"1":2,"2":2,"3":2,"4":2,"5":2,"6":2,"7":0,"8":2,"9":0,"10":0,"11":2,"12":1,"13":0,"14":2,"15":2,"16":0,"17":0,"18":0,"19":0,"20":2,"21":0},"f":{"0":2,"1":0,"2":0,"3":1,"4":0,"5":2,"6":0,"7":0,"8":0},"b":{"0":[2],"1":[2],"2":[0,0],"3":[0,2],"4":[2,2]},"_coverageSchema":"43e27e138ebf9cfc5966b082cf9a028302ed4184","hash":"e4e6bf16f3c6d03b3f3396f1d9b3cd80d7d19957"}
,"C:\\Users\\Bruno\\Desktop\\Program\\Rocketseat\\GoStack\\Semana5\\gostack-gorbarber-mobile\\src\\hooks\\auth.tsx": {"path":"C:\\Users\\Bruno\\Desktop\\Program\\Rocketseat\\GoStack\\Semana5\\gostack-gorbarber-mobile\\src\\hooks\\auth.tsx","statementMap":{"0":{"start":{"line":31,"column":20},"end":{"line":31,"column":73}},"1":{"start":{"line":33,"column":31},"end":{"line":94,"column":1}},"2":{"start":{"line":34,"column":26},"end":{"line":34,"column":62}},"3":{"start":{"line":35,"column":32},"end":{"line":35,"column":46}},"4":{"start":{"line":37,"column":2},"end":{"line":54,"column":8}},"5":{"start":{"line":39,"column":28},"end":{"line":42,"column":8}},"6":{"start":{"line":44,"column":6},"end":{"line":48,"column":7}},"7":{"start":{"line":45,"column":8},"end":{"line":45,"column":66}},"8":{"start":{"line":47,"column":8},"end":{"line":47,"column":63}},"9":{"start":{"line":50,"column":6},"end":{"line":50,"column":24}},"10":{"start":{"line":53,"column":4},"end":{"line":53,"column":23}},"11":{"start":{"line":56,"column":17},"end":{"line":72,"column":8}},"12":{"start":{"line":57,"column":21},"end":{"line":60,"column":6}},"13":{"start":{"line":62,"column":28},"end":{"line":62,"column":41}},"14":{"start":{"line":64,"column":4},"end":{"line":67,"column":7}},"15":{"start":{"line":69,"column":4},"end":{"line":69,"column":59}},"16":{"start":{"line":71,"column":4},"end":{"line":71,"column":29}},"17":{"start":{"line":74,"column":18},"end":{"line":78,"column":8}},"18":{"start":{"line":75,"column":4},"end":{"line":75,"column":74}},"19":{"start":{"line":77,"column":4},"end":{"line":77,"column":29}},"20":{"start":{"line":80,"column":21},"end":{"line":87,"column":27}},"21":{"start":{"line":81,"column":4},"end":{"line":81,"column":71}},"22":{"start":{"line":83,"column":4},"end":{"line":86,"column":6}},"23":{"start":{"line":89,"column":2},"end":{"line":93,"column":4}},"24":{"start":{"line":97,"column":18},"end":{"line":97,"column":41}},"25":{"start":{"line":99,"column":2},"end":{"line":101,"column":3}},"26":{"start":{"line":100,"column":4},"end":{"line":100,"column":67}},"27":{"start":{"line":103,"column":2},"end":{"line":103,"column":17}}},"fnMap":{"0":{"name":"(anonymous_0)","decl":{"start":{"line":33,"column":31},"end":{"line":33,"column":32}},"loc":{"start":{"line":33,"column":49},"end":{"line":94,"column":1}},"line":33},"1":{"name":"(anonymous_1)","decl":{"start":{"line":37,"column":12},"end":{"line":37,"column":13}},"loc":{"start":{"line":37,"column":18},"end":{"line":54,"column":3}},"line":37},"2":{"name":"loadStoragedData","decl":{"start":{"line":38,"column":19},"end":{"line":38,"column":35}},"loc":{"start":{"line":38,"column":52},"end":{"line":51,"column":5}},"line":38},"3":{"name":"(anonymous_3)","decl":{"start":{"line":56,"column":29},"end":{"line":56,"column":30}},"loc":{"start":{"line":56,"column":60},"end":{"line":72,"column":3}},"line":56},"4":{"name":"(anonymous_4)","decl":{"start":{"line":74,"column":30},"end":{"line":74,"column":31}},"loc":{"start":{"line":74,"column":42},"end":{"line":78,"column":3}},"line":74},"5":{"name":"(anonymous_5)","decl":{"start":{"line":80,"column":33},"end":{"line":80,"column":34}},"loc":{"start":{"line":80,"column":55},"end":{"line":87,"column":3}},"line":80},"6":{"name":"useAuth","decl":{"start":{"line":96,"column":9},"end":{"line":96,"column":16}},"loc":{"start":{"line":96,"column":36},"end":{"line":104,"column":1}},"line":96}},"branchMap":{"0":{"loc":{"start":{"line":44,"column":6},"end":{"line":48,"column":7}},"type":"if","locations":[{"start":{"line":44,"column":6},"end":{"line":48,"column":7}},{"start":{"line":44,"column":6},"end":{"line":48,"column":7}}],"line":44},"1":{"loc":{"start":{"line":44,"column":9},"end":{"line":44,"column":28}},"type":"binary-expr","locations":[{"start":{"line":44,"column":9},"end":{"line":44,"column":17}},{"start":{"line":44,"column":21},"end":{"line":44,"column":28}}],"line":44},"2":{"loc":{"start":{"line":99,"column":2},"end":{"line":101,"column":3}},"type":"if","locations":[{"start":{"line":99,"column":2},"end":{"line":101,"column":3}},{"start":{"line":99,"column":2},"end":{"line":101,"column":3}}],"line":99}},"s":{"0":1,"1":1,"2":0,"3":0,"4":0,"5":0,"6":0,"7":0,"8":0,"9":0,"10":0,"11":0,"12":0,"13":0,"14":0,"15":0,"16":0,"17":0,"18":0,"19":0,"20":0,"21":0,"22":0,"23":0,"24":1,"25":1,"26":0,"27":1},"f":{"0":0,"1":0,"2":0,"3":0,"4":0,"5":0,"6":1},"b":{"0":[0,0],"1":[0,0],"2":[0,1]},"_coverageSchema":"43e27e138ebf9cfc5966b082cf9a028302ed4184","hash":"bb31ad1546e414e88501146c15a0de8abe9b5448"}
,"C:\\Users\\Bruno\\Desktop\\Program\\Rocketseat\\GoStack\\Semana5\\gostack-gorbarber-mobile\\src\\pages\\AppointmentCreated\\index.tsx": {"path":"C:\\Users\\Bruno\\Desktop\\Program\\Rocketseat\\GoStack\\Semana5\\gostack-gorbarber-mobile\\src\\pages\\AppointmentCreated\\index.tsx","statementMap":{"0":{"start":{"line":20,"column":37},"end":{"line":55,"column":1}},"1":{"start":{"line":21,"column":20},"end":{"line":21,"column":35}},"2":{"start":{"line":22,"column":21},"end":{"line":22,"column":31}},"3":{"start":{"line":24,"column":22},"end":{"line":24,"column":43}},"4":{"start":{"line":26,"column":26},"end":{"line":33,"column":13}},"5":{"start":{"line":27,"column":4},"end":{"line":32,"column":6}},"6":{"start":{"line":35,"column":24},"end":{"line":41,"column":24}},"7":{"start":{"line":36,"column":4},"end":{"line":40,"column":5}},"8":{"start":{"line":43,"column":2},"end":{"line":54,"column":4}}},"fnMap":{"0":{"name":"(anonymous_0)","decl":{"start":{"line":20,"column":37},"end":{"line":20,"column":38}},"loc":{"start":{"line":20,"column":43},"end":{"line":55,"column":1}},"line":20},"1":{"name":"(anonymous_1)","decl":{"start":{"line":26,"column":38},"end":{"line":26,"column":39}},"loc":{"start":{"line":26,"column":44},"end":{"line":33,"column":3}},"line":26},"2":{"name":"(anonymous_2)","decl":{"start":{"line":35,"column":32},"end":{"line":35,"column":33}},"loc":{"start":{"line":35,"column":38},"end":{"line":41,"column":3}},"line":35}},"branchMap":{},"s":{"0":0,"1":0,"2":0,"3":0,"4":0,"5":0,"6":0,"7":0,"8":0},"f":{"0":0,"1":0,"2":0},"b":{},"hash":"0dcd0a8a5a38f8bae0fc8d965cf130b593d3a12a"}
,"C:\\Users\\Bruno\\Desktop\\Program\\Rocketseat\\GoStack\\Semana5\\gostack-gorbarber-mobile\\src\\pages\\CreateAppointment\\index.tsx": {"path":"C:\\Users\\Bruno\\Desktop\\Program\\Rocketseat\\GoStack\\Semana5\\gostack-gorbarber-mobile\\src\\pages\\CreateAppointment\\index.tsx","statementMap":{"0":{"start":{"line":52,"column":36},"end":{"line":260,"column":1}},"1":{"start":{"line":53,"column":19},"end":{"line":53,"column":28}},"2":{"start":{"line":54,"column":16},"end":{"line":54,"column":26}},"3":{"start":{"line":56,"column":31},"end":{"line":56,"column":46}},"4":{"start":{"line":57,"column":22},"end":{"line":57,"column":49}},"5":{"start":{"line":59,"column":42},"end":{"line":59,"column":74}},"6":{"start":{"line":60,"column":46},"end":{"line":60,"column":61}},"7":{"start":{"line":61,"column":42},"end":{"line":61,"column":62}},"8":{"start":{"line":62,"column":42},"end":{"line":62,"column":53}},"9":{"start":{"line":63,"column":36},"end":{"line":63,"column":60}},"10":{"start":{"line":64,"column":50},"end":{"line":64,"column":82}},"11":{"start":{"line":66,"column":2},"end":{"line":70,"column":9}},"12":{"start":{"line":67,"column":4},"end":{"line":69,"column":7}},"13":{"start":{"line":68,"column":6},"end":{"line":68,"column":34}},"14":{"start":{"line":72,"column":2},"end":{"line":82,"column":39}},"15":{"start":{"line":73,"column":4},"end":{"line":81,"column":6}},"16":{"start":{"line":80,"column":6},"end":{"line":80,"column":37}},"17":{"start":{"line":84,"column":23},"end":{"line":86,"column":14}},"18":{"start":{"line":85,"column":4},"end":{"line":85,"column":13}},"19":{"start":{"line":88,"column":31},"end":{"line":90,"column":8}},"20":{"start":{"line":89,"column":4},"end":{"line":89,"column":36}},"21":{"start":{"line":92,"column":33},"end":{"line":94,"column":8}},"22":{"start":{"line":93,"column":4},"end":{"line":93,"column":41}},"23":{"start":{"line":93,"column":33},"end":{"line":93,"column":39}},"24":{"start":{"line":97,"column":28},"end":{"line":105,"column":8}},"25":{"start":{"line":98,"column":4},"end":{"line":100,"column":5}},"26":{"start":{"line":99,"column":6},"end":{"line":99,"column":31}},"27":{"start":{"line":102,"column":4},"end":{"line":104,"column":5}},"28":{"start":{"line":103,"column":6},"end":{"line":103,"column":28}},"29":{"start":{"line":107,"column":27},"end":{"line":109,"column":8}},"30":{"start":{"line":108,"column":4},"end":{"line":108,"column":26}},"31":{"start":{"line":111,"column":34},"end":{"line":132,"column":62}},"32":{"start":{"line":112,"column":4},"end":{"line":131,"column":5}},"33":{"start":{"line":113,"column":19},"end":{"line":113,"column":41}},"34":{"start":{"line":115,"column":6},"end":{"line":115,"column":34}},"35":{"start":{"line":116,"column":6},"end":{"line":116,"column":25}},"36":{"start":{"line":118,"column":6},"end":{"line":118,"column":24}},"37":{"start":{"line":119,"column":6},"end":{"line":122,"column":9}},"38":{"start":{"line":124,"column":6},"end":{"line":124,"column":62}},"39":{"start":{"line":127,"column":6},"end":{"line":130,"column":7}},"40":{"start":{"line":134,"column":30},"end":{"line":144,"column":20}},"41":{"start":{"line":135,"column":4},"end":{"line":143,"column":9}},"42":{"start":{"line":136,"column":28},"end":{"line":136,"column":37}},"43":{"start":{"line":138,"column":8},"end":{"line":142,"column":10}},"44":{"start":{"line":146,"column":32},"end":{"line":156,"column":20}},"45":{"start":{"line":147,"column":4},"end":{"line":155,"column":9}},"46":{"start":{"line":148,"column":28},"end":{"line":148,"column":37}},"47":{"start":{"line":150,"column":8},"end":{"line":154,"column":10}},"48":{"start":{"line":158,"column":2},"end":{"line":259,"column":4}},"49":{"start":{"line":175,"column":38},"end":{"line":175,"column":49}},"50":{"start":{"line":177,"column":14},"end":{"line":187,"column":34}},"51":{"start":{"line":178,"column":31},"end":{"line":178,"column":64}},"52":{"start":{"line":218,"column":16},"end":{"line":228,"column":23}},"53":{"start":{"line":223,"column":33},"end":{"line":223,"column":55}},"54":{"start":{"line":238,"column":16},"end":{"line":248,"column":23}},"55":{"start":{"line":243,"column":33},"end":{"line":243,"column":55}}},"fnMap":{"0":{"name":"(anonymous_0)","decl":{"start":{"line":52,"column":36},"end":{"line":52,"column":37}},"loc":{"start":{"line":52,"column":42},"end":{"line":260,"column":1}},"line":52},"1":{"name":"(anonymous_1)","decl":{"start":{"line":66,"column":12},"end":{"line":66,"column":13}},"loc":{"start":{"line":66,"column":18},"end":{"line":70,"column":3}},"line":66},"2":{"name":"(anonymous_2)","decl":{"start":{"line":67,"column":30},"end":{"line":67,"column":31}},"loc":{"start":{"line":67,"column":42},"end":{"line":69,"column":5}},"line":67},"3":{"name":"(anonymous_3)","decl":{"start":{"line":72,"column":12},"end":{"line":72,"column":13}},"loc":{"start":{"line":72,"column":18},"end":{"line":82,"column":3}},"line":72},"4":{"name":"(anonymous_4)","decl":{"start":{"line":79,"column":12},"end":{"line":79,"column":13}},"loc":{"start":{"line":79,"column":24},"end":{"line":81,"column":5}},"line":79},"5":{"name":"(anonymous_5)","decl":{"start":{"line":84,"column":35},"end":{"line":84,"column":36}},"loc":{"start":{"line":84,"column":41},"end":{"line":86,"column":3}},"line":84},"6":{"name":"(anonymous_6)","decl":{"start":{"line":88,"column":43},"end":{"line":88,"column":44}},"loc":{"start":{"line":88,"column":67},"end":{"line":90,"column":3}},"line":88},"7":{"name":"(anonymous_7)","decl":{"start":{"line":92,"column":45},"end":{"line":92,"column":46}},"loc":{"start":{"line":92,"column":51},"end":{"line":94,"column":3}},"line":92},"8":{"name":"(anonymous_8)","decl":{"start":{"line":93,"column":22},"end":{"line":93,"column":23}},"loc":{"start":{"line":93,"column":33},"end":{"line":93,"column":39}},"line":93},"9":{"name":"(anonymous_9)","decl":{"start":{"line":97,"column":40},"end":{"line":97,"column":41}},"loc":{"start":{"line":97,"column":80},"end":{"line":105,"column":3}},"line":97},"10":{"name":"(anonymous_10)","decl":{"start":{"line":107,"column":39},"end":{"line":107,"column":40}},"loc":{"start":{"line":107,"column":57},"end":{"line":109,"column":3}},"line":107},"11":{"name":"(anonymous_11)","decl":{"start":{"line":111,"column":46},"end":{"line":111,"column":47}},"loc":{"start":{"line":111,"column":58},"end":{"line":132,"column":3}},"line":111},"12":{"name":"(anonymous_12)","decl":{"start":{"line":134,"column":38},"end":{"line":134,"column":39}},"loc":{"start":{"line":134,"column":44},"end":{"line":144,"column":3}},"line":134},"13":{"name":"(anonymous_13)","decl":{"start":{"line":136,"column":14},"end":{"line":136,"column":15}},"loc":{"start":{"line":136,"column":28},"end":{"line":136,"column":37}},"line":136},"14":{"name":"(anonymous_14)","decl":{"start":{"line":137,"column":11},"end":{"line":137,"column":12}},"loc":{"start":{"line":137,"column":36},"end":{"line":143,"column":7}},"line":137},"15":{"name":"(anonymous_15)","decl":{"start":{"line":146,"column":40},"end":{"line":146,"column":41}},"loc":{"start":{"line":146,"column":46},"end":{"line":156,"column":3}},"line":146},"16":{"name":"(anonymous_16)","decl":{"start":{"line":148,"column":14},"end":{"line":148,"column":15}},"loc":{"start":{"line":148,"column":28},"end":{"line":148,"column":37}},"line":148},"17":{"name":"(anonymous_17)","decl":{"start":{"line":149,"column":11},"end":{"line":149,"column":12}},"loc":{"start":{"line":149,"column":36},"end":{"line":155,"column":7}},"line":149},"18":{"name":"(anonymous_18)","decl":{"start":{"line":175,"column":26},"end":{"line":175,"column":27}},"loc":{"start":{"line":175,"column":38},"end":{"line":175,"column":49}},"line":175},"19":{"name":"(anonymous_19)","decl":{"start":{"line":176,"column":24},"end":{"line":176,"column":25}},"loc":{"start":{"line":177,"column":14},"end":{"line":187,"column":34}},"line":177},"20":{"name":"(anonymous_20)","decl":{"start":{"line":178,"column":25},"end":{"line":178,"column":26}},"loc":{"start":{"line":178,"column":31},"end":{"line":178,"column":64}},"line":178},"21":{"name":"(anonymous_21)","decl":{"start":{"line":217,"column":39},"end":{"line":217,"column":40}},"loc":{"start":{"line":218,"column":16},"end":{"line":228,"column":23}},"line":218},"22":{"name":"(anonymous_22)","decl":{"start":{"line":223,"column":27},"end":{"line":223,"column":28}},"loc":{"start":{"line":223,"column":33},"end":{"line":223,"column":55}},"line":223},"23":{"name":"(anonymous_23)","decl":{"start":{"line":237,"column":41},"end":{"line":237,"column":42}},"loc":{"start":{"line":238,"column":16},"end":{"line":248,"column":23}},"line":238},"24":{"name":"(anonymous_24)","decl":{"start":{"line":243,"column":27},"end":{"line":243,"column":28}},"loc":{"start":{"line":243,"column":33},"end":{"line":243,"column":55}},"line":243}},"branchMap":{"0":{"loc":{"start":{"line":98,"column":4},"end":{"line":100,"column":5}},"type":"if","locations":[{"start":{"line":98,"column":4},"end":{"line":100,"column":5}},{"start":{"line":98,"column":4},"end":{"line":100,"column":5}}],"line":98},"1":{"loc":{"start":{"line":102,"column":4},"end":{"line":104,"column":5}},"type":"if","locations":[{"start":{"line":102,"column":4},"end":{"line":104,"column":5}},{"start":{"line":102,"column":4},"end":{"line":104,"column":5}}],"line":102},"2":{"loc":{"start":{"line":199,"column":11},"end":{"line":207,"column":11}},"type":"binary-expr","locations":[{"start":{"line":199,"column":11},"end":{"line":199,"column":25}},{"start":{"line":200,"column":12},"end":{"line":206,"column":14}}],"line":199}},"s":{"0":0,"1":0,"2":0,"3":0,"4":0,"5":0,"6":0,"7":0,"8":0,"9":0,"10":0,"11":0,"12":0,"13":0,"14":0,"15":0,"16":0,"17":0,"18":0,"19":0,"20":0,"21":0,"22":0,"23":0,"24":0,"25":0,"26":0,"27":0,"28":0,"29":0,"30":0,"31":0,"32":0,"33":0,"34":0,"35":0,"36":0,"37":0,"38":0,"39":0,"40":0,"41":0,"42":0,"43":0,"44":0,"45":0,"46":0,"47":0,"48":0,"49":0,"50":0,"51":0,"52":0,"53":0,"54":0,"55":0},"f":{"0":0,"1":0,"2":0,"3":0,"4":0,"5":0,"6":0,"7":0,"8":0,"9":0,"10":0,"11":0,"12":0,"13":0,"14":0,"15":0,"16":0,"17":0,"18":0,"19":0,"20":0,"21":0,"22":0,"23":0,"24":0},"b":{"0":[0,0],"1":[0,0],"2":[0,0]},"hash":"6df440855dd4818c8f57ccfbb5b6c26412c08715"}
,"C:\\Users\\Bruno\\Desktop\\Program\\Rocketseat\\GoStack\\Semana5\\gostack-gorbarber-mobile\\src\\pages\\Dashboard\\index.tsx": {"path":"C:\\Users\\Bruno\\Desktop\\Program\\Rocketseat\\GoStack\\Semana5\\gostack-gorbarber-mobile\\src\\pages\\Dashboard\\index.tsx","statementMap":{"0":{"start":{"line":31,"column":28},"end":{"line":92,"column":1}},"1":{"start":{"line":32,"column":36},"end":{"line":32,"column":60}},"2":{"start":{"line":34,"column":19},"end":{"line":34,"column":28}},"3":{"start":{"line":35,"column":23},"end":{"line":35,"column":38}},"4":{"start":{"line":37,"column":2},"end":{"line":41,"column":9}},"5":{"start":{"line":38,"column":4},"end":{"line":40,"column":7}},"6":{"start":{"line":39,"column":6},"end":{"line":39,"column":34}},"7":{"start":{"line":43,"column":28},"end":{"line":45,"column":16}},"8":{"start":{"line":44,"column":4},"end":{"line":44,"column":23}},"9":{"start":{"line":47,"column":38},"end":{"line":49,"column":16}},"10":{"start":{"line":48,"column":4},"end":{"line":48,"column":49}},"11":{"start":{"line":51,"column":2},"end":{"line":91,"column":4}},"12":{"start":{"line":66,"column":36},"end":{"line":66,"column":47}},"13":{"start":{"line":71,"column":10},"end":{"line":87,"column":30}},"14":{"start":{"line":71,"column":44},"end":{"line":71,"column":84}}},"fnMap":{"0":{"name":"(anonymous_0)","decl":{"start":{"line":31,"column":28},"end":{"line":31,"column":29}},"loc":{"start":{"line":31,"column":34},"end":{"line":92,"column":1}},"line":31},"1":{"name":"(anonymous_1)","decl":{"start":{"line":37,"column":12},"end":{"line":37,"column":13}},"loc":{"start":{"line":37,"column":18},"end":{"line":41,"column":3}},"line":37},"2":{"name":"(anonymous_2)","decl":{"start":{"line":38,"column":30},"end":{"line":38,"column":31}},"loc":{"start":{"line":38,"column":42},"end":{"line":40,"column":5}},"line":38},"3":{"name":"(anonymous_3)","decl":{"start":{"line":43,"column":40},"end":{"line":43,"column":41}},"loc":{"start":{"line":43,"column":46},"end":{"line":45,"column":3}},"line":43},"4":{"name":"(anonymous_4)","decl":{"start":{"line":47,"column":50},"end":{"line":47,"column":51}},"loc":{"start":{"line":47,"column":74},"end":{"line":49,"column":3}},"line":47},"5":{"name":"(anonymous_5)","decl":{"start":{"line":66,"column":22},"end":{"line":66,"column":23}},"loc":{"start":{"line":66,"column":36},"end":{"line":66,"column":47}},"line":66},"6":{"name":"(anonymous_6)","decl":{"start":{"line":70,"column":20},"end":{"line":70,"column":21}},"loc":{"start":{"line":71,"column":10},"end":{"line":87,"column":30}},"line":71},"7":{"name":"(anonymous_7)","decl":{"start":{"line":71,"column":38},"end":{"line":71,"column":39}},"loc":{"start":{"line":71,"column":44},"end":{"line":71,"column":84}},"line":71}},"branchMap":{},"s":{"0":0,"1":0,"2":0,"3":0,"4":0,"5":0,"6":0,"7":0,"8":0,"9":0,"10":0,"11":0,"12":0,"13":0,"14":0},"f":{"0":0,"1":0,"2":0,"3":0,"4":0,"5":0,"6":0,"7":0},"b":{},"hash":"997fe113e744a2c81a452c0a397b113eb918953e"}
,"C:\\Users\\Bruno\\Desktop\\Program\\Rocketseat\\GoStack\\Semana5\\gostack-gorbarber-mobile\\src\\pages\\Profile\\index.tsx": {"path":"C:\\Users\\Bruno\\Desktop\\Program\\Rocketseat\\GoStack\\Semana5\\gostack-gorbarber-mobile\\src\\pages\\Profile\\index.tsx","statementMap":{"0":{"start":{"line":42,"column":25},"end":{"line":245,"column":1}},"1":{"start":{"line":43,"column":31},"end":{"line":43,"column":41}},"2":{"start":{"line":45,"column":18},"end":{"line":45,"column":43}},"3":{"start":{"line":46,"column":21},"end":{"line":46,"column":36}},"4":{"start":{"line":48,"column":24},"end":{"line":48,"column":47}},"5":{"start":{"line":49,"column":30},"end":{"line":49,"column":53}},"6":{"start":{"line":50,"column":27},"end":{"line":50,"column":50}},"7":{"start":{"line":51,"column":34},"end":{"line":51,"column":57}},"8":{"start":{"line":53,"column":23},"end":{"line":111,"column":18}},"9":{"start":{"line":54,"column":4},"end":{"line":110,"column":5}},"10":{"start":{"line":55,"column":6},"end":{"line":55,"column":37}},"11":{"start":{"line":57,"column":21},"end":{"line":73,"column":8}},"12":{"start":{"line":62,"column":21},"end":{"line":62,"column":33}},"13":{"start":{"line":68,"column":23},"end":{"line":68,"column":35}},"14":{"start":{"line":75,"column":6},"end":{"line":77,"column":9}},"15":{"start":{"line":79,"column":77},"end":{"line":79,"column":81}},"16":{"start":{"line":81,"column":23},"end":{"line":88,"column":12}},"17":{"start":{"line":90,"column":23},"end":{"line":90,"column":58}},"18":{"start":{"line":92,"column":6},"end":{"line":92,"column":32}},"19":{"start":{"line":94,"column":6},"end":{"line":94,"column":51}},"20":{"start":{"line":96,"column":6},"end":{"line":96,"column":26}},"21":{"start":{"line":98,"column":6},"end":{"line":104,"column":7}},"22":{"start":{"line":99,"column":23},"end":{"line":99,"column":47}},"23":{"start":{"line":101,"column":8},"end":{"line":101,"column":43}},"24":{"start":{"line":103,"column":8},"end":{"line":103,"column":15}},"25":{"start":{"line":106,"column":6},"end":{"line":109,"column":8}},"26":{"start":{"line":113,"column":29},"end":{"line":140,"column":27}},"27":{"start":{"line":114,"column":4},"end":{"line":139,"column":7}},"28":{"start":{"line":120,"column":6},"end":{"line":122,"column":7}},"29":{"start":{"line":121,"column":8},"end":{"line":121,"column":15}},"30":{"start":{"line":124,"column":6},"end":{"line":127,"column":7}},"31":{"start":{"line":125,"column":8},"end":{"line":125,"column":53}},"32":{"start":{"line":126,"column":8},"end":{"line":126,"column":15}},"33":{"start":{"line":128,"column":19},"end":{"line":128,"column":33}},"34":{"start":{"line":130,"column":6},"end":{"line":134,"column":9}},"35":{"start":{"line":136,"column":6},"end":{"line":138,"column":9}},"36":{"start":{"line":137,"column":8},"end":{"line":137,"column":37}},"37":{"start":{"line":142,"column":23},"end":{"line":144,"column":30}},"38":{"start":{"line":143,"column":4},"end":{"line":143,"column":24}},"39":{"start":{"line":146,"column":2},"end":{"line":244,"column":3}},"40":{"start":{"line":178,"column":18},"end":{"line":178,"column":49}},"41":{"start":{"line":191,"column":18},"end":{"line":191,"column":55}},"42":{"start":{"line":206,"column":18},"end":{"line":206,"column":52}},"43":{"start":{"line":219,"column":18},"end":{"line":219,"column":59}},"44":{"start":{"line":231,"column":40},"end":{"line":231,"column":69}},"45":{"start":{"line":235,"column":38},"end":{"line":235,"column":67}}},"fnMap":{"0":{"name":"(anonymous_0)","decl":{"start":{"line":42,"column":25},"end":{"line":42,"column":26}},"loc":{"start":{"line":42,"column":31},"end":{"line":245,"column":1}},"line":42},"1":{"name":"(anonymous_1)","decl":{"start":{"line":53,"column":35},"end":{"line":53,"column":36}},"loc":{"start":{"line":53,"column":68},"end":{"line":111,"column":3}},"line":53},"2":{"name":"(anonymous_2)","decl":{"start":{"line":62,"column":14},"end":{"line":62,"column":15}},"loc":{"start":{"line":62,"column":21},"end":{"line":62,"column":33}},"line":62},"3":{"name":"(anonymous_3)","decl":{"start":{"line":68,"column":16},"end":{"line":68,"column":17}},"loc":{"start":{"line":68,"column":23},"end":{"line":68,"column":35}},"line":68},"4":{"name":"(anonymous_4)","decl":{"start":{"line":113,"column":41},"end":{"line":113,"column":42}},"loc":{"start":{"line":113,"column":47},"end":{"line":140,"column":3}},"line":113},"5":{"name":"(anonymous_5)","decl":{"start":{"line":119,"column":7},"end":{"line":119,"column":8}},"loc":{"start":{"line":119,"column":19},"end":{"line":139,"column":5}},"line":119},"6":{"name":"(anonymous_6)","decl":{"start":{"line":136,"column":43},"end":{"line":136,"column":44}},"loc":{"start":{"line":136,"column":58},"end":{"line":138,"column":7}},"line":136},"7":{"name":"(anonymous_7)","decl":{"start":{"line":142,"column":35},"end":{"line":142,"column":36}},"loc":{"start":{"line":142,"column":68},"end":{"line":144,"column":3}},"line":142},"8":{"name":"(anonymous_8)","decl":{"start":{"line":177,"column":33},"end":{"line":177,"column":34}},"loc":{"start":{"line":177,"column":39},"end":{"line":179,"column":17}},"line":177},"9":{"name":"(anonymous_9)","decl":{"start":{"line":190,"column":33},"end":{"line":190,"column":34}},"loc":{"start":{"line":190,"column":39},"end":{"line":192,"column":17}},"line":190},"10":{"name":"(anonymous_10)","decl":{"start":{"line":205,"column":33},"end":{"line":205,"column":34}},"loc":{"start":{"line":205,"column":39},"end":{"line":207,"column":17}},"line":205},"11":{"name":"(anonymous_11)","decl":{"start":{"line":218,"column":33},"end":{"line":218,"column":34}},"loc":{"start":{"line":218,"column":39},"end":{"line":220,"column":17}},"line":218},"12":{"name":"(anonymous_12)","decl":{"start":{"line":231,"column":33},"end":{"line":231,"column":34}},"loc":{"start":{"line":231,"column":39},"end":{"line":231,"column":70}},"line":231},"13":{"name":"(anonymous_13)","decl":{"start":{"line":235,"column":31},"end":{"line":235,"column":32}},"loc":{"start":{"line":235,"column":37},"end":{"line":235,"column":68}},"line":235}},"branchMap":{"0":{"loc":{"start":{"line":84,"column":9},"end":{"line":88,"column":11}},"type":"cond-expr","locations":[{"start":{"line":84,"column":24},"end":{"line":88,"column":7}},{"start":{"line":88,"column":9},"end":{"line":88,"column":11}}],"line":84},"1":{"loc":{"start":{"line":98,"column":6},"end":{"line":104,"column":7}},"type":"if","locations":[{"start":{"line":98,"column":6},"end":{"line":104,"column":7}},{"start":{"line":98,"column":6},"end":{"line":104,"column":7}}],"line":98},"2":{"loc":{"start":{"line":120,"column":6},"end":{"line":122,"column":7}},"type":"if","locations":[{"start":{"line":120,"column":6},"end":{"line":122,"column":7}},{"start":{"line":120,"column":6},"end":{"line":122,"column":7}}],"line":120},"3":{"loc":{"start":{"line":124,"column":6},"end":{"line":127,"column":7}},"type":"if","locations":[{"start":{"line":124,"column":6},"end":{"line":127,"column":7}},{"start":{"line":124,"column":6},"end":{"line":127,"column":7}}],"line":124},"4":{"loc":{"start":{"line":150,"column":18},"end":{"line":150,"column":62}},"type":"cond-expr","locations":[{"start":{"line":150,"column":41},"end":{"line":150,"column":50}},{"start":{"line":150,"column":53},"end":{"line":150,"column":62}}],"line":150}},"s":{"0":0,"1":0,"2":0,"3":0,"4":0,"5":0,"6":0,"7":0,"8":0,"9":0,"10":0,"11":0,"12":0,"13":0,"14":0,"15":0,"16":0,"17":0,"18":0,"19":0,"20":0,"21":0,"22":0,"23":0,"24":0,"25":0,"26":0,"27":0,"28":0,"29":0,"30":0,"31":0,"32":0,"33":0,"34":0,"35":0,"36":0,"37":0,"38":0,"39":0,"40":0,"41":0,"42":0,"43":0,"44":0,"45":0},"f":{"0":0,"1":0,"2":0,"3":0,"4":0,"5":0,"6":0,"7":0,"8":0,"9":0,"10":0,"11":0,"12":0,"13":0},"b":{"0":[0,0],"1":[0,0],"2":[0,0],"3":[0,0],"4":[0,0]},"hash":"58964337be95edd614327d1571b63d1781f258db"}
,"C:\\Users\\Bruno\\Desktop\\Program\\Rocketseat\\GoStack\\Semana5\\gostack-gorbarber-mobile\\src\\pages\\SignIn\\index.tsx": {"path":"C:\\Users\\Bruno\\Desktop\\Program\\Rocketseat\\GoStack\\Semana5\\gostack-gorbarber-mobile\\src\\pages\\SignIn\\index.tsx","statementMap":{"0":{"start":{"line":34,"column":25},"end":{"line":133,"column":1}},"1":{"start":{"line":35,"column":18},"end":{"line":35,"column":43}},"2":{"start":{"line":36,"column":27},"end":{"line":36,"column":50}},"3":{"start":{"line":37,"column":21},"end":{"line":37,"column":36}},"4":{"start":{"line":38,"column":21},"end":{"line":38,"column":30}},"5":{"start":{"line":41,"column":23},"end":{"line":70,"column":14}},"6":{"start":{"line":42,"column":4},"end":{"line":69,"column":5}},"7":{"start":{"line":43,"column":21},"end":{"line":46,"column":8}},"8":{"start":{"line":48,"column":6},"end":{"line":50,"column":9}},"9":{"start":{"line":52,"column":6},"end":{"line":55,"column":9}},"10":{"start":{"line":57,"column":6},"end":{"line":63,"column":7}},"11":{"start":{"line":58,"column":23},"end":{"line":58,"column":47}},"12":{"start":{"line":60,"column":8},"end":{"line":60,"column":43}},"13":{"start":{"line":62,"column":8},"end":{"line":62,"column":15}},"14":{"start":{"line":65,"column":6},"end":{"line":68,"column":8}},"15":{"start":{"line":72,"column":2},"end":{"line":132,"column":3}},"16":{"start":{"line":99,"column":18},"end":{"line":99,"column":52}},"17":{"start":{"line":111,"column":18},"end":{"line":111,"column":48}},"18":{"start":{"line":115,"column":38},"end":{"line":115,"column":67}},"19":{"start":{"line":120,"column":44},"end":{"line":120,"column":61}},"20":{"start":{"line":127,"column":42},"end":{"line":127,"column":71}}},"fnMap":{"0":{"name":"(anonymous_0)","decl":{"start":{"line":34,"column":25},"end":{"line":34,"column":26}},"loc":{"start":{"line":34,"column":31},"end":{"line":133,"column":1}},"line":34},"1":{"name":"(anonymous_1)","decl":{"start":{"line":41,"column":35},"end":{"line":41,"column":36}},"loc":{"start":{"line":41,"column":67},"end":{"line":70,"column":3}},"line":41},"2":{"name":"(anonymous_2)","decl":{"start":{"line":98,"column":33},"end":{"line":98,"column":34}},"loc":{"start":{"line":98,"column":39},"end":{"line":100,"column":17}},"line":98},"3":{"name":"(anonymous_3)","decl":{"start":{"line":110,"column":33},"end":{"line":110,"column":34}},"loc":{"start":{"line":110,"column":39},"end":{"line":112,"column":17}},"line":110},"4":{"name":"(anonymous_4)","decl":{"start":{"line":115,"column":31},"end":{"line":115,"column":32}},"loc":{"start":{"line":115,"column":37},"end":{"line":115,"column":68}},"line":115},"5":{"name":"(anonymous_5)","decl":{"start":{"line":120,"column":37},"end":{"line":120,"column":38}},"loc":{"start":{"line":120,"column":43},"end":{"line":120,"column":62}},"line":120},"6":{"name":"(anonymous_6)","decl":{"start":{"line":127,"column":36},"end":{"line":127,"column":37}},"loc":{"start":{"line":127,"column":42},"end":{"line":127,"column":71}},"line":127}},"branchMap":{"0":{"loc":{"start":{"line":57,"column":6},"end":{"line":63,"column":7}},"type":"if","locations":[{"start":{"line":57,"column":6},"end":{"line":63,"column":7}},{"start":{"line":57,"column":6},"end":{"line":63,"column":7}}],"line":57},"1":{"loc":{"start":{"line":76,"column":18},"end":{"line":76,"column":62}},"type":"cond-expr","locations":[{"start":{"line":76,"column":41},"end":{"line":76,"column":50}},{"start":{"line":76,"column":53},"end":{"line":76,"column":62}}],"line":76}},"s":{"0":1,"1":1,"2":1,"3":1,"4":1,"5":1,"6":0,"7":0,"8":0,"9":0,"10":0,"11":0,"12":0,"13":0,"14":0,"15":1,"16":0,"17":0,"18":0,"19":0,"20":0},"f":{"0":1,"1":0,"2":0,"3":0,"4":0,"5":0,"6":0},"b":{"0":[0,0],"1":[1,0]},"_coverageSchema":"43e27e138ebf9cfc5966b082cf9a028302ed4184","hash":"578f7d27dedf0d8709bd530ea7dcbad4f75a0fe5"}
,"C:\\Users\\Bruno\\Desktop\\Program\\Rocketseat\\GoStack\\Semana5\\gostack-gorbarber-mobile\\src\\pages\\SignUp\\index.tsx": {"path":"C:\\Users\\Bruno\\Desktop\\Program\\Rocketseat\\GoStack\\Semana5\\gostack-gorbarber-mobile\\src\\pages\\SignUp\\index.tsx","statementMap":{"0":{"start":{"line":41,"column":25},"end":{"line":148,"column":1}},"1":{"start":{"line":42,"column":18},"end":{"line":42,"column":43}},"2":{"start":{"line":43,"column":21},"end":{"line":43,"column":36}},"3":{"start":{"line":45,"column":24},"end":{"line":45,"column":47}},"4":{"start":{"line":46,"column":27},"end":{"line":46,"column":50}},"5":{"start":{"line":48,"column":23},"end":{"line":79,"column":18}},"6":{"start":{"line":49,"column":4},"end":{"line":78,"column":5}},"7":{"start":{"line":50,"column":21},"end":{"line":54,"column":8}},"8":{"start":{"line":56,"column":6},"end":{"line":58,"column":9}},"9":{"start":{"line":60,"column":6},"end":{"line":60,"column":37}},"10":{"start":{"line":62,"column":6},"end":{"line":65,"column":7}},"11":{"start":{"line":67,"column":6},"end":{"line":67,"column":26}},"12":{"start":{"line":69,"column":6},"end":{"line":75,"column":7}},"13":{"start":{"line":70,"column":23},"end":{"line":70,"column":47}},"14":{"start":{"line":72,"column":8},"end":{"line":72,"column":43}},"15":{"start":{"line":74,"column":8},"end":{"line":74,"column":15}},"16":{"start":{"line":77,"column":6},"end":{"line":77,"column":100}},"17":{"start":{"line":81,"column":2},"end":{"line":147,"column":3}},"18":{"start":{"line":106,"column":18},"end":{"line":106,"column":49}},"19":{"start":{"line":119,"column":18},"end":{"line":119,"column":52}},"20":{"start":{"line":130,"column":40},"end":{"line":130,"column":69}},"21":{"start":{"line":133,"column":38},"end":{"line":133,"column":67}},"22":{"start":{"line":142,"column":41},"end":{"line":142,"column":60}}},"fnMap":{"0":{"name":"(anonymous_0)","decl":{"start":{"line":41,"column":25},"end":{"line":41,"column":26}},"loc":{"start":{"line":41,"column":31},"end":{"line":148,"column":1}},"line":41},"1":{"name":"(anonymous_1)","decl":{"start":{"line":48,"column":35},"end":{"line":48,"column":36}},"loc":{"start":{"line":48,"column":67},"end":{"line":79,"column":3}},"line":48},"2":{"name":"(anonymous_2)","decl":{"start":{"line":105,"column":33},"end":{"line":105,"column":34}},"loc":{"start":{"line":105,"column":39},"end":{"line":107,"column":17}},"line":105},"3":{"name":"(anonymous_3)","decl":{"start":{"line":118,"column":33},"end":{"line":118,"column":34}},"loc":{"start":{"line":118,"column":39},"end":{"line":120,"column":17}},"line":118},"4":{"name":"(anonymous_4)","decl":{"start":{"line":130,"column":33},"end":{"line":130,"column":34}},"loc":{"start":{"line":130,"column":39},"end":{"line":130,"column":70}},"line":130},"5":{"name":"(anonymous_5)","decl":{"start":{"line":133,"column":31},"end":{"line":133,"column":32}},"loc":{"start":{"line":133,"column":37},"end":{"line":133,"column":68}},"line":133},"6":{"name":"(anonymous_6)","decl":{"start":{"line":142,"column":35},"end":{"line":142,"column":36}},"loc":{"start":{"line":142,"column":41},"end":{"line":142,"column":60}},"line":142}},"branchMap":{"0":{"loc":{"start":{"line":69,"column":6},"end":{"line":75,"column":7}},"type":"if","locations":[{"start":{"line":69,"column":6},"end":{"line":75,"column":7}},{"start":{"line":69,"column":6},"end":{"line":75,"column":7}}],"line":69},"1":{"loc":{"start":{"line":85,"column":18},"end":{"line":85,"column":62}},"type":"cond-expr","locations":[{"start":{"line":85,"column":41},"end":{"line":85,"column":50}},{"start":{"line":85,"column":53},"end":{"line":85,"column":62}}],"line":85}},"s":{"0":0,"1":0,"2":0,"3":0,"4":0,"5":0,"6":0,"7":0,"8":0,"9":0,"10":0,"11":0,"12":0,"13":0,"14":0,"15":0,"16":0,"17":0,"18":0,"19":0,"20":0,"21":0,"22":0},"f":{"0":0,"1":0,"2":0,"3":0,"4":0,"5":0,"6":0},"b":{"0":[0,0],"1":[0,0]},"hash":"4f1ae8b323eda1feb1807e0ac719440713950f8b"}
}
