TN:
SF:C:\Users\Bruno\Desktop\Program\Rocketseat\GoStack\Semana5\gostack-gorbarber-mobile\src\components\Button\index.tsx
FN:10,(anonymous_0)
FNF:1
FNH:1
FNDA:1,(anonymous_0)
DA:10,1
DA:11,1
LF:2
LH:2
BRF:0
BRH:0
end_of_record
TN:
SF:C:\Users\Bruno\Desktop\Program\Rocketseat\GoStack\Semana5\gostack-gorbarber-mobile\src\components\Input\index.tsx
FN:21,(anonymous_0)
FN:33,(anonymous_1)
FN:37,(anonymous_2)
FN:43,(anonymous_3)
FN:44,(anonymous_4)
FN:49,(anonymous_5)
FN:54,(anonymous_6)
FN:58,(anonymous_7)
FN:80,(anonymous_8)
FNF:9
FNH:3
FNDA:2,(anonymous_0)
FNDA:0,(anonymous_1)
FNDA:0,(anonymous_2)
FNDA:1,(anonymous_3)
FNDA:0,(anonymous_4)
FNDA:2,(anonymous_5)
FNDA:0,(anonymous_6)
FNDA:0,(anonymous_7)
FNDA:0,(anonymous_8)
DA:21,1
DA:25,2
DA:27,2
DA:28,2
DA:30,2
DA:31,2
DA:33,2
DA:34,0
DA:37,2
DA:38,0
DA:40,0
DA:43,2
DA:45,0
DA:49,2
DA:50,2
DA:55,0
DA:56,0
DA:59,0
DA:60,0
DA:65,2
DA:81,0
LF:21
LH:12
BRDA:22,0,0,2
BRDA:27,1,0,2
BRDA:40,2,0,0
BRDA:40,2,1,0
BRDA:70,3,0,0
BRDA:70,3,1,2
BRDA:70,4,0,2
BRDA:70,4,1,2
BRF:8
BRH:5
end_of_record
TN:
SF:C:\Users\Bruno\Desktop\Program\Rocketseat\GoStack\Semana5\gostack-gorbarber-mobile\src\hooks\auth.tsx
FN:33,(anonymous_0)
FN:37,(anonymous_1)
FN:38,loadStoragedData
FN:56,(anonymous_3)
FN:74,(anonymous_4)
FN:80,(anonymous_5)
FN:96,useAuth
FNF:7
FNH:1
FNDA:0,(anonymous_0)
FNDA:0,(anonymous_1)
FNDA:0,loadStoragedData
FNDA:0,(anonymous_3)
FNDA:0,(anonymous_4)
FNDA:0,(anonymous_5)
FNDA:1,useAuth
DA:31,1
DA:33,1
DA:34,0
DA:35,0
DA:37,0
DA:39,0
DA:44,0
DA:45,0
DA:47,0
DA:50,0
DA:53,0
DA:56,0
DA:57,0
DA:62,0
DA:64,0
DA:69,0
DA:71,0
DA:74,0
DA:75,0
DA:77,0
DA:80,0
DA:81,0
DA:83,0
DA:89,0
DA:97,1
DA:99,1
DA:100,0
DA:103,1
LF:28
LH:5
BRDA:44,0,0,0
BRDA:44,0,1,0
BRDA:44,1,0,0
BRDA:44,1,1,0
BRDA:99,2,0,0
BRDA:99,2,1,1
BRF:6
BRH:1
end_of_record
TN:
SF:C:\Users\Bruno\Desktop\Program\Rocketseat\GoStack\Semana5\gostack-gorbarber-mobile\src\pages\AppointmentCreated\index.tsx
FN:20,(anonymous_0)
FN:26,(anonymous_1)
FN:35,(anonymous_2)
FNF:3
FNH:0
FNDA:0,(anonymous_0)
FNDA:0,(anonymous_1)
FNDA:0,(anonymous_2)
DA:20,0
DA:21,0
DA:22,0
DA:24,0
DA:26,0
DA:27,0
DA:35,0
DA:36,0
DA:43,0
LF:9
LH:0
BRF:0
BRH:0
end_of_record
TN:
SF:C:\Users\Bruno\Desktop\Program\Rocketseat\GoStack\Semana5\gostack-gorbarber-mobile\src\pages\CreateAppointment\index.tsx
FN:52,(anonymous_0)
FN:66,(anonymous_1)
FN:67,(anonymous_2)
FN:72,(anonymous_3)
FN:79,(anonymous_4)
FN:84,(anonymous_5)
FN:88,(anonymous_6)
FN:92,(anonymous_7)
FN:93,(anonymous_8)
FN:97,(anonymous_9)
FN:107,(anonymous_10)
FN:111,(anonymous_11)
FN:134,(anonymous_12)
FN:136,(anonymous_13)
FN:137,(anonymous_14)
FN:146,(anonymous_15)
FN:148,(anonymous_16)
FN:149,(anonymous_17)
FN:175,(anonymous_18)
FN:176,(anonymous_19)
FN:178,(anonymous_20)
FN:217,(anonymous_21)
FN:223,(anonymous_22)
FN:237,(anonymous_23)
FN:243,(anonymous_24)
FNF:25
FNH:0
FNDA:0,(anonymous_0)
FNDA:0,(anonymous_1)
FNDA:0,(anonymous_2)
FNDA:0,(anonymous_3)
FNDA:0,(anonymous_4)
FNDA:0,(anonymous_5)
FNDA:0,(anonymous_6)
FNDA:0,(anonymous_7)
FNDA:0,(anonymous_8)
FNDA:0,(anonymous_9)
FNDA:0,(anonymous_10)
FNDA:0,(anonymous_11)
FNDA:0,(anonymous_12)
FNDA:0,(anonymous_13)
FNDA:0,(anonymous_14)
FNDA:0,(anonymous_15)
FNDA:0,(anonymous_16)
FNDA:0,(anonymous_17)
FNDA:0,(anonymous_18)
FNDA:0,(anonymous_19)
FNDA:0,(anonymous_20)
FNDA:0,(anonymous_21)
FNDA:0,(anonymous_22)
FNDA:0,(anonymous_23)
FNDA:0,(anonymous_24)
DA:52,0
DA:53,0
DA:54,0
DA:56,0
DA:57,0
DA:59,0
DA:60,0
DA:61,0
DA:62,0
DA:63,0
DA:64,0
DA:66,0
DA:67,0
DA:68,0
DA:72,0
DA:73,0
DA:80,0
DA:84,0
DA:85,0
DA:88,0
DA:89,0
DA:92,0
DA:93,0
DA:97,0
DA:98,0
DA:99,0
DA:102,0
DA:103,0
DA:107,0
DA:108,0
DA:111,0
DA:112,0
DA:113,0
DA:115,0
DA:116,0
DA:118,0
DA:119,0
DA:124,0
DA:127,0
DA:134,0
DA:135,0
DA:136,0
DA:138,0
DA:146,0
DA:147,0
DA:148,0
DA:150,0
DA:158,0
DA:175,0
DA:177,0
DA:178,0
DA:218,0
DA:223,0
DA:238,0
DA:243,0
LF:55
LH:0
BRDA:98,0,0,0
BRDA:98,0,1,0
BRDA:102,1,0,0
BRDA:102,1,1,0
BRDA:199,2,0,0
BRDA:199,2,1,0
BRF:6
BRH:0
end_of_record
TN:
SF:C:\Users\Bruno\Desktop\Program\Rocketseat\GoStack\Semana5\gostack-gorbarber-mobile\src\pages\Dashboard\index.tsx
FN:31,(anonymous_0)
FN:37,(anonymous_1)
FN:38,(anonymous_2)
FN:43,(anonymous_3)
FN:47,(anonymous_4)
FN:66,(anonymous_5)
FN:70,(anonymous_6)
FN:71,(anonymous_7)
FNF:8
FNH:0
FNDA:0,(anonymous_0)
FNDA:0,(anonymous_1)
FNDA:0,(anonymous_2)
FNDA:0,(anonymous_3)
FNDA:0,(anonymous_4)
FNDA:0,(anonymous_5)
FNDA:0,(anonymous_6)
FNDA:0,(anonymous_7)
DA:31,0
DA:32,0
DA:34,0
DA:35,0
DA:37,0
DA:38,0
DA:39,0
DA:43,0
DA:44,0
DA:47,0
DA:48,0
DA:51,0
DA:66,0
DA:71,0
LF:14
LH:0
BRF:0
BRH:0
end_of_record
TN:
SF:C:\Users\Bruno\Desktop\Program\Rocketseat\GoStack\Semana5\gostack-gorbarber-mobile\src\pages\Profile\index.tsx
FN:42,(anonymous_0)
FN:53,(anonymous_1)
FN:62,(anonymous_2)
FN:68,(anonymous_3)
FN:113,(anonymous_4)
FN:119,(anonymous_5)
FN:136,(anonymous_6)
FN:142,(anonymous_7)
FN:177,(anonymous_8)
FN:190,(anonymous_9)
FN:205,(anonymous_10)
FN:218,(anonymous_11)
FN:231,(anonymous_12)
FN:235,(anonymous_13)
FNF:14
FNH:0
FNDA:0,(anonymous_0)
FNDA:0,(anonymous_1)
FNDA:0,(anonymous_2)
FNDA:0,(anonymous_3)
FNDA:0,(anonymous_4)
FNDA:0,(anonymous_5)
FNDA:0,(anonymous_6)
FNDA:0,(anonymous_7)
FNDA:0,(anonymous_8)
FNDA:0,(anonymous_9)
FNDA:0,(anonymous_10)
FNDA:0,(anonymous_11)
FNDA:0,(anonymous_12)
FNDA:0,(anonymous_13)
DA:42,0
DA:43,0
DA:45,0
DA:46,0
DA:48,0
DA:49,0
DA:50,0
DA:51,0
DA:53,0
DA:54,0
DA:55,0
DA:57,0
DA:62,0
DA:68,0
DA:75,0
DA:79,0
DA:81,0
DA:90,0
DA:92,0
DA:94,0
DA:96,0
DA:98,0
DA:99,0
DA:101,0
DA:103,0
DA:106,0
DA:113,0
DA:114,0
DA:120,0
DA:121,0
DA:124,0
DA:125,0
DA:126,0
DA:128,0
DA:130,0
DA:136,0
DA:137,0
DA:142,0
DA:143,0
DA:146,0
DA:178,0
DA:191,0
DA:206,0
DA:219,0
DA:231,0
DA:235,0
LF:46
LH:0
BRDA:84,0,0,0
BRDA:84,0,1,0
BRDA:98,1,0,0
BRDA:98,1,1,0
BRDA:120,2,0,0
BRDA:120,2,1,0
BRDA:124,3,0,0
BRDA:124,3,1,0
BRDA:150,4,0,0
BRDA:150,4,1,0
BRF:10
BRH:0
end_of_record
TN:
SF:C:\Users\Bruno\Desktop\Program\Rocketseat\GoStack\Semana5\gostack-gorbarber-mobile\src\pages\SignIn\index.tsx
FN:34,(anonymous_0)
FN:41,(anonymous_1)
FN:98,(anonymous_2)
FN:110,(anonymous_3)
FN:115,(anonymous_4)
FN:120,(anonymous_5)
FN:127,(anonymous_6)
FNF:7
FNH:1
FNDA:1,(anonymous_0)
FNDA:0,(anonymous_1)
FNDA:0,(anonymous_2)
FNDA:0,(anonymous_3)
FNDA:0,(anonymous_4)
FNDA:0,(anonymous_5)
FNDA:0,(anonymous_6)
DA:34,1
DA:35,1
DA:36,1
DA:37,1
DA:38,1
DA:41,1
DA:42,0
DA:43,0
DA:48,0
DA:52,0
DA:57,0
DA:58,0
DA:60,0
DA:62,0
DA:65,0
DA:72,1
DA:99,0
DA:111,0
DA:115,0
DA:120,0
DA:127,0
LF:21
LH:7
BRDA:57,0,0,0
BRDA:57,0,1,0
BRDA:76,1,0,1
BRDA:76,1,1,0
BRF:4
BRH:1
end_of_record
TN:
SF:C:\Users\Bruno\Desktop\Program\Rocketseat\GoStack\Semana5\gostack-gorbarber-mobile\src\pages\SignUp\index.tsx
FN:41,(anonymous_0)
FN:48,(anonymous_1)
FN:105,(anonymous_2)
FN:118,(anonymous_3)
FN:130,(anonymous_4)
FN:133,(anonymous_5)
FN:142,(anonymous_6)
FNF:7
FNH:0
FNDA:0,(anonymous_0)
FNDA:0,(anonymous_1)
FNDA:0,(anonymous_2)
FNDA:0,(anonymous_3)
FNDA:0,(anonymous_4)
FNDA:0,(anonymous_5)
FNDA:0,(anonymous_6)
DA:41,0
DA:42,0
DA:43,0
DA:45,0
DA:46,0
DA:48,0
DA:49,0
DA:50,0
DA:56,0
DA:60,0
DA:62,0
DA:67,0
DA:69,0
DA:70,0
DA:72,0
DA:74,0
DA:77,0
DA:81,0
DA:106,0
DA:119,0
DA:130,0
DA:133,0
DA:142,0
LF:23
LH:0
BRDA:69,0,0,0
BRDA:69,0,1,0
BRDA:85,1,0,0
BRDA:85,1,1,0
BRF:4
BRH:0
end_of_record
